<?xml version="1.0" encoding="UTF-8"?>
<Site BuildName="(empty)"
	BuildStamp="20240109-0450-Experimental"
	Name="(empty)"
	Generator="ctest-3.16.3"
	CompilerName=""
	CompilerVersion=""
	OSName="Linux"
	Hostname="codespaces-31ca17"
	OSRelease="6.2.0-1018-azure"
	OSVersion="#18~22.04.1-Ubuntu SMP Tue Nov 21 19:25:02 UTC 2023"
	OSPlatform="x86_64"
	Is64Bits="1"
	VendorString="AuthenticAMD"
	VendorID="Advanced Micro Devices"
	FamilyID="25"
	ModelID="1"
	ProcessorCacheSize="512"
	NumberOfLogicalCPU="2"
	NumberOfPhysicalCPU="1"
	TotalVirtualMemory="0"
	TotalPhysicalMemory="7929"
	LogicalProcessorsPerPhysical="2"
	ProcessorClockFrequency="3243.96"
	>
	<Testing>
		<StartDateTime>Jan 09 04:56 UTC</StartDateTime>
		<StartTestTime>1704776174</StartTestTime>
		<TestList/>
		<EndDateTime>Jan 09 04:56 UTC</EndDateTime>
		<EndTestTime>1704776174</EndTestTime>
		<ElapsedMinutes>0</ElapsedMinutes>
	</Testing>
</Site>
